<?xml version="1.0" encoding="UTF-8"?>
<testng-results ignored="0" total="6" passed="6" failed="0" skipped="0">
  <reporter-output>
  </reporter-output>
  <suite started-at="2024-08-18T15:43:15 IST" name="Default suite" finished-at="2024-08-18T15:43:49 IST" duration-ms="33827">
    <groups>
    </groups>
    <test started-at="2024-08-18T15:43:15 IST" name="Default test" finished-at="2024-08-18T15:43:49 IST" duration-ms="33827">
      <class name="Project.driverset">
        <test-method is-config="true" signature="setup()[pri:0, instance:Project.driverset@5b239d7d]" started-at="2024-08-18T15:43:15 IST" name="setup" finished-at="2024-08-18T15:43:33 IST" duration-ms="18558" status="PASS">
          <reporter-output>
          </reporter-output>
        </test-method> <!-- setup -->
        <test-method signature="logintest()[pri:1, instance:Project.driverset@5b239d7d]" started-at="2024-08-18T15:43:34 IST" name="logintest" finished-at="2024-08-18T15:43:36 IST" duration-ms="2720" status="PASS">
          <reporter-output>
          </reporter-output>
        </test-method> <!-- logintest -->
        <test-method signature="priorityl()[pri:2, instance:Project.driverset@5b239d7d]" started-at="2024-08-18T15:43:36 IST" name="priorityl" finished-at="2024-08-18T15:43:37 IST" duration-ms="432" status="PASS">
          <reporter-output>
          </reporter-output>
        </test-method> <!-- priorityl -->
        <test-method signature="addtocart()[pri:3, instance:Project.driverset@5b239d7d]" started-at="2024-08-18T15:43:37 IST" name="addtocart" finished-at="2024-08-18T15:43:39 IST" duration-ms="2038" status="PASS">
          <reporter-output>
          </reporter-output>
        </test-method> <!-- addtocart -->
        <test-method signature="cartpage()[pri:4, instance:Project.driverset@5b239d7d]" started-at="2024-08-18T15:43:39 IST" name="cartpage" finished-at="2024-08-18T15:43:40 IST" duration-ms="1706" status="PASS">
          <reporter-output>
          </reporter-output>
        </test-method> <!-- cartpage -->
        <test-method signature="checkout()[pri:5, instance:Project.driverset@5b239d7d]" started-at="2024-08-18T15:43:40 IST" name="checkout" finished-at="2024-08-18T15:43:44 IST" duration-ms="4043" status="PASS">
          <reporter-output>
          </reporter-output>
        </test-method> <!-- checkout -->
        <test-method signature="logout()[pri:6, instance:Project.driverset@5b239d7d]" started-at="2024-08-18T15:43:44 IST" name="logout" finished-at="2024-08-18T15:43:49 IST" duration-ms="4104" status="PASS">
          <reporter-output>
          </reporter-output>
        </test-method> <!-- logout -->
      </class> <!-- Project.driverset -->
    </test> <!-- Default test -->
  </suite> <!-- Default suite -->
</testng-results>
