<?xml version="1.0" encoding="UTF-8"?>
<!-- Generated by org.testng.reporters.JUnitXMLReporter -->
<testsuite ignored="0" hostname="DESKTOP-6L4OOM7" failures="0" tests="5" name="Test" time="0.158" errors="0" timestamp="2024-08-08T21:38:37 IST">
  <testcase classname="grouptest.grpTest1" name="demo1" time="0.024"/>
  <testcase classname="grouptest.grpTest1" name="demo2" time="0.003"/>
  <testcase classname="grouptest.grpTest1" name="demo3" time="0.008"/>
  <testcase classname="grouptest.grpTest1" name="demo4" time="0.002"/>
  <testcase classname="grouptest.grpTest1" name="demo5" time="0.006"/>
</testsuite> <!-- Test -->
