<?xml version="1.0" encoding="UTF-8"?>
<!-- Generated by org.testng.reporters.JUnitXMLReporter -->
<testsuite ignored="0" hostname="DESKTOP-6L4OOM7" failures="0" tests="6" name="Default test" time="33.827" errors="0" timestamp="2024-08-18T15:43:49 IST">
  <testcase classname="Project.driverset" name="logintest" time="2.72"/>
  <testcase classname="Project.driverset" name="priorityl" time="0.432"/>
  <testcase classname="Project.driverset" name="addtocart" time="2.038"/>
  <testcase classname="Project.driverset" name="cartpage" time="1.706"/>
  <testcase classname="Project.driverset" name="checkout" time="4.043"/>
  <testcase classname="Project.driverset" name="logout" time="4.104"/>
</testsuite> <!-- Default test -->
